Inicia captura
0	0.15	-0.04	0.99	1.04	0.67	-0.43
1	0.16	-0.03	0.99	0.67	0.24	-0.18
2	0.17	-0.03	0.99	1.83	0.00	-0.18
3	0.17	-0.03	0.98	4.27	-0.24	-0.18
4	0.17	-0.02	0.98	6.53	-0.67	-1.53
5	0.15	-0.04	0.99	10.07	-1.16	-3.36
6	0.14	-0.05	0.99	13.73	-1.22	-4.58
7	0.13	-0.07	0.99	15.08	-1.16	-5.37
8	0.14	-0.09	1.00	14.22	-1.22	-5.37
9	0.14	-0.09	1.00	11.47	-1.22	-4.52
10	0.15	-0.10	1.00	8.12	-1.34	-3.17
11	0.15	-0.10	1.00	4.82	-0.73	-0.98
12	0.16	-0.08	1.00	1.65	0.12	1.59
13	0.16	-0.07	1.01	-0.12	-0.06	3.11
14	0.16	-0.07	1.02	-0.43	-0.37	3.54
15	0.16	-0.07	1.01	0.55	-0.92	3.17
16	0.16	-0.08	1.01	2.38	-1.77	2.44
17	0.15	-0.10	1.01	3.60	-1.95	1.59
18	0.15	-0.11	1.02	3.30	-1.53	0.73
19	0.15	-0.11	1.03	1.77	-1.34	0.79
20	0.15	-0.12	1.04	-0.18	-1.28	1.83
21	0.16	-0.11	1.05	-2.26	-1.59	3.36
22	0.16	-0.09	1.06	-4.46	-2.26	4.21
23	0.16	-0.09	1.07	-5.13	-3.23	4.64
24	0.15	-0.09	1.06	-4.82	-4.15	4.94
25	0.15	-0.09	1.05	-4.03	-4.21	5.43
26	0.15	-0.09	1.04	-3.23	-3.48	5.49
27	0.14	-0.09	1.04	-2.69	-2.32	5.31
28	0.14	-0.09	1.03	-2.69	-0.06	5.43
29	0.14	-0.10	1.03	-3.11	2.69	5.74
30	0.15	-0.10	1.03	-4.76	5.98	5.19
31	0.15	-0.09	1.03	-7.08	9.46	4.46
32	0.15	-0.09	1.02	-9.64	12.70	4.21
33	0.16	-0.09	1.01	-12.45	16.05	5.62
34	0.16	-0.09	1.00	-16.17	19.10	8.18
35	0.15	-0.09	1.01	-21.00	21.97	11.17
36	0.16	-0.08	1.00	-27.83	25.33	15.08
37	0.17	-0.08	1.00	-35.89	28.75	18.98
38	0.17	-0.05	1.01	-44.01	31.98	22.40
39	0.19	-0.03	1.01	-51.57	34.97	25.09
40	0.20	-0.00	1.00	-56.76	37.72	26.37
41	0.21	0.04	1.01	-57.74	41.02	26.06
42	0.22	0.06	1.01	-53.89	44.31	24.72
43	0.24	0.07	1.01	-47.55	47.06	24.23
44	0.25	0.06	1.01	-40.28	49.19	23.25
45	0.25	0.04	0.99	-35.71	51.09	21.00
46	0.24	0.04	0.96	-33.57	54.32	17.27
47	0.24	0.04	0.93	-32.90	61.34	10.86
48	0.26	0.07	0.93	-31.62	70.62	3.85
49	0.26	0.10	0.94	-29.17	80.81	-2.38
50	0.30	0.10	0.95	-26.00	90.52	-5.80
51	0.31	0.12	0.93	-21.24	97.72	-8.18
52	0.28	0.11	0.83	-13.12	105.71	-19.47
53	0.30	0.11	0.79	-8.54	120.73	-25.76
54	0.33	0.12	0.78	-1.65	134.89	-25.15
55	0.40	0.10	0.81	2.14	146.24	-24.60
56	0.39	0.09	0.84	2.26	152.40	-21.67
57	0.39	0.12	0.81	-0.98	155.88	-19.29
58	0.38	0.11	0.75	-0.55	160.64	-15.75
59	0.46	0.10	0.67	-2.62	169.31	-11.90
60	0.61	0.13	0.68	-6.59	180.36	-6.23
61	0.70	0.26	0.79	-11.29	186.10	1.65
62	0.75	0.30	0.93	-8.79	179.69	15.32
63	0.75	0.22	1.00	-5.74	159.55	31.07
64	0.75	0.15	0.99	-8.54	130.13	43.15
65	0.74	0.13	0.95	-15.93	101.50	49.19
66	0.75	0.15	0.88	-21.06	78.67	52.19
67	0.72	0.12	0.78	-17.76	59.75	54.69
68	0.74	0.14	0.75	-12.70	52.98	57.56
69	0.70	0.09	0.70	-6.04	48.89	58.96
70	0.67	0.10	0.72	-0.85	45.78	54.20
71	0.61	0.09	0.68	3.48	42.91	47.79
72	0.63	0.07	0.62	5.49	46.26	40.04
73	0.67	0.13	0.63	4.15	53.96	32.59
74	0.68	0.16	0.71	2.93	59.27	28.69
75	0.69	0.17	0.77	0.61	56.46	26.86
76	0.71	0.17	0.79	-3.42	45.59	25.33
77	0.70	0.17	0.79	-7.08	31.07	24.29
78	0.73	0.21	0.80	-9.03	16.72	24.11
79	0.47	-0.04	0.70	-3.48	-0.73	27.65
80	0.71	0.23	0.73	-11.41	1.46	18.80
81	0.67	0.19	0.73	-3.66	-14.71	14.16
82	0.74	0.17	0.77	7.93	-25.51	15.63
83	0.72	0.15	0.80	10.31	-34.18	14.89
84	0.70	0.17	0.82	4.82	-42.48	12.70
85	0.71	0.21	0.84	-2.01	-49.50	13.67
86	0.67	0.21	0.83	-2.20	-61.71	14.59
87	0.67	0.23	0.83	0.73	-75.01	14.34
88	0.61	0.18	0.80	6.41	-86.06	12.27
89	0.62	0.16	0.78	6.23	-89.97	7.45
90	0.57	0.18	0.78	6.96	-97.78	5.43
91	0.55	0.21	0.79	10.01	-101.50	2.38
92	0.51	0.18	0.82	17.09	-103.70	-0.49
93	0.49	0.19	0.81	19.78	-106.57	-3.42
94	0.51	0.15	0.81	13.00	-108.52	-5.55
95	0.49	0.24	0.83	9.52	-110.05	-13.18
96	0.47	0.25	0.85	13.73	-109.86	-24.29
97	0.44	0.23	0.80	24.60	-109.13	-32.96
98	0.38	0.20	0.75	34.18	-104.61	-36.74
99	0.34	0.14	0.68	40.65	-94.12	-36.19
100	0.31	0.15	0.70	44.92	-76.42	-35.58
101	0.35	0.18	0.81	50.17	-56.95	-33.87
102	0.40	0.15	0.88	58.53	-47.61	-30.33
103	0.40	0.11	0.94	60.36	-47.85	-22.95
104	0.39	0.04	1.00	43.40	-52.37	-13.06
105	0.42	0.04	1.02	17.09	-58.23	-4.70
106	0.44	0.09	0.97	0.12	-63.35	-2.01
107	0.42	0.04	0.82	-6.41	-65.67	-0.73
108	0.39	0.18	0.93	-10.80	-63.60	1.53
109	0.44	0.28	1.07	-2.01	-63.05	-1.22
110	0.48	0.25	1.08	18.31	-71.35	-5.55
111	0.43	0.18	1.03	39.92	-85.51	-5.80
112	0.37	0.10	0.97	55.73	-94.85	-6.41
113	0.33	0.00	0.87	63.23	-95.76	-9.64
114	0.29	-0.03	0.84	59.02	-87.95	-12.15
115	0.28	-0.02	0.88	45.47	-75.56	-14.22
116	0.29	0.02	0.98	30.52	-63.60	-16.54
117	0.32	0.06	1.03	20.81	-58.47	-18.68
118	0.32	0.04	1.00	17.33	-61.16	-19.47
119	0.28	0.04	0.97	14.59	-63.66	-18.86
120	0.26	0.05	0.96	13.43	-61.10	-18.37
121	0.24	0.04	0.93	16.36	-54.87	-17.40
122	0.22	0.03	0.94	21.55	-46.75	-16.17
123	0.23	-0.04	0.88	23.93	-38.88	-14.34
124	0.23	-0.06	0.91	19.96	-30.88	-12.21
125	0.24	0.01	1.06	12.57	-26.67	-11.29
126	0.28	0.01	1.10	4.88	-28.14	-10.80
127	0.31	0.03	1.08	-2.81	-39.06	-10.31
128	0.25	0.05	1.05	-3.72	-53.16	-10.80
129	0.22	0.05	1.01	0.31	-57.62	-7.32
130	0.20	0.05	0.99	4.94	-57.13	-7.26
131	0.17	0.04	0.99	9.77	-54.14	-7.45
132	0.19	-0.01	0.94	13.00	-48.28	-6.29
133	0.19	-0.02	0.96	12.45	-44.80	-5.25
134	0.14	-0.01	1.03	6.90	-45.53	-5.55
135	0.15	0.02	1.07	-1.71	-43.52	-6.16
136	0.15	0.02	1.05	-7.14	-40.83	-3.66
137	0.13	0.03	1.03	-10.25	-38.82	0.61
138	0.11	0.05	1.03	-11.11	-34.73	3.36
139	0.09	0.07	1.03	-9.40	-26.79	4.52
140	0.11	0.07	1.02	-4.82	-17.03	6.23
141	0.11	0.04	0.98	1.04	-9.58	10.62
142	0.09	0.01	0.97	5.80	-5.31	15.81
143	0.09	0.03	1.01	5.19	0.24	15.81
144	0.09	0.02	1.02	3.11	8.24	13.24
145	0.11	0.01	1.02	1.83	15.69	12.02
146	0.11	0.02	1.05	0.73	21.30	12.27
147	0.10	0.03	1.06	-1.04	23.74	15.01
148	0.09	0.02	1.06	-3.66	25.45	17.15
149	0.08	0.04	1.07	-7.57	29.11	17.33
150	0.10	0.03	1.05	-12.15	34.30	18.37
151	0.11	0.02	1.02	-17.21	40.95	20.69
152	0.10	0.07	1.07	-21.48	49.62	23.25
153	0.14	0.10	1.07	-21.55	60.42	25.15
154	0.17	0.05	1.01	-19.59	71.78	25.76
155	0.16	0.00	0.95	-21.30	84.11	25.94
156	0.13	-0.00	0.95	-28.81	101.56	23.50
157	0.16	0.06	0.91	-36.74	125.37	18.01
158	0.23	0.13	0.89	-34.06	150.70	10.19
159	0.28	0.16	0.94	-21.79	171.81	3.54
160	0.31	0.16	0.90	-8.48	185.85	-2.87
161	0.30	0.05	0.78	1.77	196.04	-10.56
162	0.27	0.03	0.68	5.68	209.72	-16.11
163	0.41	0.03	0.59	4.82	226.56	-21.36
164	0.45	0.25	0.56	6.53	239.07	-22.46
165	0.28	-0.37	0.58	10.86	249.69	-43.95
166	0.56	0.22	0.81	-13.18	270.57	-73.85
167	0.64	0.24	0.95	-7.39	256.41	-46.39
168	0.63	0.10	0.90	12.45	223.21	-23.99
169	0.57	0.01	0.79	16.36	193.85	-19.65
170	0.54	0.06	0.68	10.31	178.10	-16.30
171	0.69	0.00	0.70	4.21	177.67	-11.23
172	0.76	-0.00	0.80	-0.92	164.37	-9.46
173	0.86	0.12	0.91	-4.15	139.59	-3.91
174	0.88	0.07	0.91	-0.12	104.86	11.96
175	0.93	0.02	0.83	2.44	74.71	20.20
176	0.88	0.04	0.76	3.48	49.87	22.03
177	0.84	-0.00	0.72	4.52	36.50	22.22
178	0.78	-0.01	0.65	5.00	28.93	15.20
179	0.73	-0.00	0.56	6.53	28.32	2.14
180	0.75	0.03	0.55	7.45	36.25	-8.48
181	0.78	0.10	0.62	5.98	44.01	-15.69
182	0.81	0.11	0.68	4.76	43.15	-18.07
183	0.82	0.12	0.69	2.56	34.30	-16.05
184	0.84	0.13	0.67	1.34	21.36	-10.80
185	0.84	0.15	0.69	1.04	7.75	-5.00
186	0.84	0.15	0.69	1.46	-5.49	1.65
187	0.84	0.13	0.68	2.50	-18.86	8.91
188	0.83	0.13	0.68	3.17	-29.97	14.83
189	0.84	0.11	0.67	2.87	-38.82	18.49
190	0.83	0.13	0.69	2.20	-45.78	21.06
191	0.83	0.16	0.72	1.71	-51.39	23.32
192	0.81	0.13	0.74	2.32	-60.00	25.27
193	0.80	0.13	0.77	-0.85	-72.45	27.47
194	0.78	0.15	0.79	-1.40	-87.95	26.86
195	0.73	0.09	0.76	-2.44	-101.87	24.96
196	0.72	0.10	0.70	-7.45	-110.96	21.42
197	0.65	0.15	0.66	-6.47	-122.92	18.31
198	0.60	0.16	0.65	-5.37	-127.26	15.75
199	0.54	0.18	0.65	-0.92	-127.87	13.55
200	0.49	0.21	0.69	8.67	-126.89	12.27
201	0.48	0.22	0.75	26.25	-124.63	9.83
202	0.48	0.20	0.81	52.80	-125.67	4.15
203	0.46	0.11	0.81	70.37	-129.46	0.12
204	0.42	-0.12	0.74	65.49	-129.94	-0.24
205	0.37	-0.09	0.77	43.03	-124.08	-3.78
206	0.40	0.03	0.91	22.16	-113.95	-12.70
207	0.48	0.09	1.05	15.26	-109.37	-19.47
208	0.53	0.18	1.08	18.92	-118.04	-19.78
209	0.51	0.10	0.99	29.79	-137.88	-18.55
210	0.44	0.03	0.86	41.20	-152.95	-19.65
211	0.36	-0.02	0.80	46.81	-154.36	-23.32
212	0.29	-0.11	0.70	46.39	-143.31	-25.57
213	0.26	-0.10	0.72	39.86	-124.45	-26.12
214	0.26	-0.02	0.88	31.49	-104.19	-25.76
215	0.29	0.03	0.99	29.85	-87.83	-26.18
216	0.31	0.01	0.99	30.82	-79.47	-25.76
217	0.29	-0.04	0.93	29.72	-75.38	-22.71
218	0.24	-0.06	0.91	25.09	-69.21	-19.23
219	0.20	-0.05	0.91	17.40	-57.01	-16.48
220	0.22	-0.06	0.87	9.77	-40.22	-14.22
221	0.24	-0.07	0.86	4.64	-24.11	-11.23
222	0.28	-0.02	0.96	1.34	-13.85	-7.08
223	0.30	0.00	1.02	1.95	-9.46	-4.09
224	0.32	0.01	1.03	4.58	-7.20	-2.75
225	0.32	0.02	1.02	8.18	-5.98	-2.56
226	0.30	-0.01	1.00	11.11	-6.47	-3.72
227	0.29	-0.02	0.99	13.67	-6.29	-4.46
228	0.27	-0.04	0.99	16.24	-4.82	-5.07
229	0.29	-0.07	0.97	15.93	-1.89	-4.70
230	0.30	-0.08	0.96	12.21	1.53	-4.09
231	0.31	-0.06	1.00	6.29	4.09	-4.15
232	0.32	-0.03	1.03	1.65	5.37	-4.09
233	0.32	-0.01	1.04	0.00	5.31	-3.54
234	0.31	-0.00	1.05	1.46	3.97	-3.23
235	0.32	-0.01	1.03	5.37	1.83	-3.17
236	0.32	-0.01	1.02	10.25	-1.40	-3.60
237	0.31	-0.02	1.02	14.71	-4.82	-4.09
238	0.31	-0.05	1.00	18.13	-7.26	-4.33
239	0.30	-0.06	0.99	18.55	-8.85	-5.25
240	0.28	-0.06	1.03	16.36	-8.67	-6.53
241	0.29	-0.05	1.03	13.67	-7.20	-6.65
242	0.29	-0.05	1.03	11.11	-6.71	-5.80
243	0.25	-0.09	1.04	8.48	-7.81	-5.25
244	0.26	-0.05	1.04	2.56	-5.00	-6.59
245	0.28	-0.05	1.05	0.43	-3.91	1.89
246	0.25	-0.07	1.05	-0.98	-4.03	6.04
247	0.26	-0.08	1.04	-4.94	-2.87	6.29
248	0.26	-0.06	1.03	-8.54	-0.49	10.50
249	0.24	-0.05	1.05	-11.11	2.75	12.45
250	0.22	-0.03	1.06	-13.79	6.90	11.78
251	0.22	-0.02	1.04	-16.30	11.78	10.31
252	0.23	-0.08	0.99	-18.19	17.40	11.11
253	0.20	-0.10	0.95	-24.29	24.78	10.99
254	0.20	-0.06	0.96	-33.45	35.64	8.18
255	0.22	-0.03	0.99	-36.19	49.07	4.39
256	0.23	-0.00	0.96	-36.56	62.87	2.87
257	0.21	-0.01	0.92	-34.79	76.90	3.23
258	0.22	0.00	0.89	-32.65	94.18	3.11
259	0.24	0.00	0.87	-27.59	113.34	2.75
260	0.26	-0.02	0.85	-21.85	130.49	-1.95
261	0.30	-0.02	0.81	-19.78	148.68	-3.23
262	0.35	-0.03	0.77	-17.27	166.93	-1.89
263	0.40	-0.01	0.74	-15.87	183.90	-2.62
264	0.42	-0.02	0.72	-15.87	197.20	-2.69
265	0.44	-0.02	0.69	-18.86	209.78	-2.08
266	0.49	0.00	0.67	-20.45	220.15	-2.32
267	0.52	0.03	0.66	-21.06	227.48	-3.60
268	0.56	0.06	0.66	-20.51	231.51	-2.93
269	0.60	0.14	0.64	-17.33	230.47	-2.38
270	0.65	0.17	0.64	-10.01	225.52	0.18
271	0.67	0.11	0.61	-0.67	214.54	5.13
272	0.68	0.00	0.56	0.49	203.31	7.39
273	0.74	0.01	0.59	-10.44	197.45	5.43
274	0.80	0.11	0.67	-20.08	187.68	7.57
275	0.87	0.16	0.72	-21.30	168.95	12.76
276	0.90	0.16	0.70	-15.81	144.35	14.53
277	0.92	0.11	0.63	-8.91	119.81	13.31
278	0.88	0.10	0.56	-3.78	100.77	9.28
279	0.87	0.09	0.51	1.04	88.81	4.46
280	0.86	0.06	0.47	4.64	81.30	0.98
281	0.86	0.11	0.48	4.88	77.64	-3.11
282	0.88	0.13	0.50	6.65	73.55	-5.43
283	0.90	0.12	0.51	9.95	67.38	-5.92
284	0.89	0.09	0.49	11.78	60.00	-7.20
285	0.88	0.09	0.47	12.33	53.34	-10.25
286	0.87	0.06	0.44	13.37	48.71	-14.95
287	0.85	0.06	0.43	14.65	47.79	-18.62
288	0.87	0.06	0.43	15.69	48.58	-19.47
289	0.91	0.05	0.45	16.42	48.22	-17.58
290	0.94	0.05	0.48	15.32	46.51	-14.83
291	0.96	0.05	0.50	13.67	41.38	-12.76
292	0.97	0.05	0.51	13.31	34.12	-10.86
293	0.99	0.05	0.53	12.27	25.70	-8.54
294	1.00	0.04	0.53	11.35	17.15	-6.41
295	1.03	0.04	0.57	10.19	8.79	-3.91
296	1.07	0.04	0.60	8.73	-0.61	0.00
297	1.07	0.02	0.61	6.96	-11.72	5.13
298	1.07	0.02	0.60	4.15	-23.68	10.01
299	1.07	0.02	0.61	2.20	-35.71	15.20
300	1.06	0.03	0.62	-1.22	-47.97	20.69
301	1.04	0.05	0.61	-5.31	-61.65	26.79
302	1.00	0.07	0.60	-8.48	-76.05	33.51
303	0.97	0.10	0.63	-12.45	-89.42	41.08
304	0.93	0.13	0.65	-16.30	-103.21	49.32
305	0.93	0.12	0.65	-19.29	-120.24	57.07
306	0.92	0.13	0.66	-21.00	-141.24	64.88
307	0.88	0.10	0.68	-20.87	-163.57	70.37
308	0.81	0.07	0.66	-21.79	-182.50	72.20
309	0.83	0.09	0.62	-24.41	-191.83	70.98
310	0.76	0.08	0.55	-19.71	-202.51	68.24
311	0.69	0.14	0.52	-16.54	-203.31	63.35
312	0.65	0.26	0.62	-9.40	-200.44	57.68
313	0.68	0.34	0.76	3.78	-201.66	53.83
314	0.69	0.29	0.80	20.14	-213.56	53.28
315	0.65	0.26	0.80	35.95	-230.53	50.48
316	0.60	0.19	0.72	47.67	-242.74	44.98
317	0.53	0.15	0.68	53.59	-245.79	34.79
318	0.48	0.07	0.53	55.05	-237.92	23.13
319	0.40	0.09	0.58	48.65	-219.73	9.46
320	0.38	0.24	0.79	42.42	-200.07	-3.05
321	0.43	0.27	0.87	46.26	-188.66	-12.21
322	0.42	0.27	0.89	54.75	-186.40	-18.01
323	0.35	0.26	0.89	66.41	-186.46	-22.09
324	0.26	0.23	0.87	79.10	-182.25	-24.17
325	0.19	0.14	0.85	87.59	-170.96	-22.58
326	0.17	0.01	0.73	87.46	-153.69	-18.37
327	0.11	-0.02	0.77	77.51	-130.74	-13.79
328	0.11	-0.01	0.93	63.05	-107.36	-8.54
329	0.17	-0.00	0.99	45.23	-92.71	-2.08
330	0.16	-0.02	0.97	28.87	-86.30	5.19
331	0.12	-0.01	0.99	16.05	-80.93	10.80
332	0.12	0.02	1.00	4.76	-72.81	13.12
333	0.11	0.04	0.99	-1.65	-62.87	13.00
334	0.11	0.04	0.95	-2.69	-53.28	11.96
335	0.10	0.05	0.95	2.08	-45.04	10.38
336	0.10	0.03	0.96	10.07	-38.21	8.73
337	0.10	-0.01	0.99	15.99	-33.45	7.32
338	0.09	-0.01	1.01	17.27	-31.43	5.19
339	0.08	-0.01	1.03	16.66	-31.07	2.99
340	0.07	-0.02	1.03	15.99	-31.13	1.89
341	0.07	-0.03	1.02	14.22	-30.76	2.81
342	0.06	-0.03	1.02	10.68	-29.17	3.17
343	0.05	-0.02	1.02	7.02	-25.33	3.30
344	0.05	-0.02	1.01	6.04	-20.45	3.97
345	0.06	-0.03	0.98	6.16	-14.59	5.00
346	0.08	-0.05	0.95	4.88	-8.00	5.00
347	0.11	-0.03	0.98	2.93	-2.01	3.36
348	0.14	0.02	1.10	1.28	-0.98	2.99
349	0.16	0.06	1.13	1.59	-7.14	4.03
350	0.14	0.06	1.10	7.57	-19.41	4.46
351	0.11	0.03	1.08	18.07	-32.41	3.72
352	0.07	0.01	1.04	26.37	-41.56	2.62
353	0.03	-0.01	1.03	30.27	-44.86	1.77
354	0.01	-0.02	1.03	31.92	-43.09	1.40
355	0.00	-0.06	1.00	31.98	-38.21	1.46
356	-0.02	-0.09	0.99	29.17	-29.66	1.59
357	-0.04	-0.09	1.03	23.44	-17.33	-0.18
358	-0.02	-0.10	1.04	16.17	-3.91	-1.04
359	-0.02	-0.10	1.04	7.81	7.26	-1.89
360	-0.02	-0.08	1.05	0.49	16.66	-3.91
361	-0.01	-0.07	1.04	-4.52	24.66	-4.46
362	-0.01	-0.05	1.04	-8.24	31.62	-4.39
363	-0.01	-0.02	1.05	-9.40	37.41	-4.27
364	0.00	0.00	1.05	-8.06	42.85	-3.97
365	-0.00	0.02	1.06	-4.39	48.10	-4.21
366	-0.00	0.03	1.04	0.98	54.93	-5.25
367	0.01	0.01	0.97	6.71	65.12	-8.00
368	-0.02	-0.00	0.96	11.66	80.44	-12.94
369	-0.02	-0.00	0.95	16.72	101.20	-18.13
370	0.02	-0.02	0.94	19.59	123.84	-22.09
371	0.06	-0.02	0.94	20.45	145.63	-23.62
372	0.10	-0.03	0.92	21.61	165.04	-21.97
373	0.16	-0.05	0.89	23.07	182.07	-16.91
374	0.20	-0.12	0.87	22.46	197.27	-10.74
375	0.24	-0.15	0.82	14.53	210.45	-2.93
376	0.27	-0.16	0.76	-2.44	224.79	4.15
377	0.32	-0.17	0.69	-21.73	240.30	10.56
378	0.39	-0.17	0.64	-41.75	257.87	14.77
379	0.56	0.08	0.74	-57.98	271.97	19.47
380	0.63	-0.29	0.73	-57.80	270.39	20.81
Fin de la captura
Inicia captura
0	1.06	0.67	0.48	-63.11	323.73	-104.74
1	0.96	0.14	0.60	-9.09	255.00	-29.79
2	0.89	0.05	0.61	12.15	211.24	-32.35
3	1.04	0.14	0.62	-2.38	187.44	-39.00
4	1.06	0.07	0.59	4.33	140.20	-35.46
5	1.00	-0.02	0.50	12.15	102.17	-31.43
6	1.08	0.02	0.48	17.27	77.94	-34.55
7	0.99	-0.04	0.40	29.91	51.57	-38.94
8	0.97	-0.08	0.35	35.22	42.60	-41.32
9	0.90	-0.07	0.34	35.40	39.79	-41.20
10	0.89	-0.06	0.31	34.12	40.47	-36.80
11	0.88	-0.11	0.24	30.76	42.66	-32.29
12	0.89	-0.09	0.26	22.46	51.51	-27.77
13	0.96	-0.06	0.31	14.22	60.18	-22.89
14	1.03	-0.03	0.37	8.18	62.19	-15.20
15	1.09	-0.02	0.42	5.80	56.34	-6.47
16	1.14	-0.05	0.43	6.23	42.91	0.49
17	1.14	-0.06	0.45	6.65	28.44	4.27
18	1.13	-0.07	0.45	8.73	14.28	5.62
19	1.08	-0.12	0.44	10.93	0.37	5.25
20	1.05	-0.10	0.43	10.01	-10.01	4.82
21	1.04	-0.09	0.43	8.97	-18.98	8.30
22	1.01	-0.09	0.42	8.24	-28.93	11.66
23	1.00	-0.09	0.41	6.41	-36.32	15.26
24	0.99	-0.08	0.41	4.21	-41.38	20.26
25	1.00	-0.05	0.42	0.49	-45.04	24.17
26	1.01	-0.03	0.44	-1.59	-50.90	27.95
27	1.03	-0.03	0.45	-1.71	-60.97	31.56
28	1.04	-0.03	0.46	-2.44	-74.16	33.39
29	1.02	-0.02	0.48	-4.33	-90.76	35.71
30	1.05	0.01	0.54	-8.00	-108.52	37.48
31	0.99	-0.03	0.58	-11.29	-132.08	40.71
32	1.00	0.00	0.62	-18.98	-150.76	41.87
33	0.97	-0.02	0.63	-21.00	-177.06	45.29
34	0.91	-0.05	0.60	-18.98	-201.54	45.53
35	0.90	0.00	0.60	-16.97	-221.37	43.40
36	0.90	0.01	0.61	-8.73	-239.07	41.87
37	0.89	0.06	0.69	3.54	-255.74	38.70
38	0.88	0.07	0.74	21.55	-276.31	34.67
39	0.82	0.02	0.73	36.25	-298.10	31.74
40	0.75	0.00	0.68	49.99	-314.82	28.69
41	0.69	-0.01	0.61	61.71	-322.51	21.79
42	0.64	-0.01	0.53	70.43	-320.01	13.55
43	0.57	-0.03	0.58	74.65	-309.51	2.99
44	0.54	0.03	0.66	74.16	-296.14	-4.46
45	0.50	0.04	0.75	73.61	-284.79	-9.95
46	0.45	0.02	0.80	72.88	-275.33	-12.27
47	0.41	-0.03	0.79	69.82	-263.49	-13.24
48	0.35	-0.09	0.71	64.03	-248.05	-12.76
49	0.29	-0.15	0.68	54.75	-227.66	-10.01
50	0.23	-0.20	0.68	41.44	-199.83	-10.50
51	0.22	-0.13	0.84	24.41	-170.17	-14.71
52	0.25	-0.07	1.01	10.38	-150.21	-16.91
53	0.28	-0.01	1.08	3.66	-145.14	-16.48
54	0.23	-0.00	1.05	6.59	-149.17	-15.63
55	0.17	-0.01	0.99	13.24	-152.34	-12.88
56	0.12	-0.03	0.95	20.39	-148.74	-9.40
57	0.10	-0.03	0.93	27.34	-141.30	-4.82
58	0.08	-0.07	0.90	33.94	-131.16	0.98
59	0.08	-0.12	0.92	36.13	-119.32	5.55
60	0.08	-0.14	1.01	30.46	-108.64	8.54
61	0.08	-0.13	1.05	19.53	-102.60	10.62
62	0.04	-0.13	1.04	10.13	-100.28	8.97
63	-0.01	-0.14	1.02	4.27	-96.74	7.51
64	-0.04	-0.14	1.00	-1.16	-90.52	8.12
65	-0.06	-0.12	0.98	-4.94	-81.97	7.87
66	-0.09	-0.13	0.97	-4.52	-71.53	7.81
67	-0.08	-0.13	0.97	-4.09	-58.35	8.61
68	-0.04	-0.14	0.98	-4.76	-46.14	8.79
69	-0.04	-0.12	1.02	-7.02	-37.41	8.91
70	-0.03	-0.11	1.04	-10.56	-32.78	9.64
71	-0.04	-0.10	1.04	-13.49	-30.70	9.16
72	-0.06	-0.10	1.04	-14.83	-30.27	9.83
73	-0.08	-0.10	1.02	-15.32	-30.58	10.07
74	-0.10	-0.08	1.01	-14.34	-29.36	9.83
75	-0.11	-0.08	1.00	-11.23	-26.61	10.19
76	-0.12	-0.09	0.99	-6.96	-21.85	10.99
77	-0.11	-0.10	0.98	-2.75	-14.83	10.93
78	-0.08	-0.14	0.97	0.18	-6.84	8.18
79	-0.04	-0.15	0.99	-0.92	-1.40	4.82
80	-0.03	-0.11	1.06	-5.37	-2.01	2.69
81	-0.05	-0.05	1.08	-7.93	-8.00	1.34
82	-0.08	-0.07	1.06	-5.25	-15.26	0.37
83	-0.11	-0.08	1.02	-2.01	-19.78	1.65
84	-0.12	-0.08	1.01	-0.31	-21.18	3.60
85	-0.17	-0.08	1.01	1.28	-18.25	4.88
86	-0.18	-0.09	1.02	2.50	-10.56	4.70
87	-0.18	-0.09	1.00	2.62	-1.53	4.70
88	-0.17	-0.12	0.99	2.93	9.58	4.03
89	-0.15	-0.13	1.00	2.44	22.46	0.55
90	-0.14	-0.16	1.03	-0.49	34.42	-3.85
91	-0.14	-0.15	1.05	-7.75	42.85	-6.41
92	-0.14	-0.15	1.05	-15.01	49.44	-8.97
93	-0.14	-0.14	1.04	-21.61	55.91	-10.99
94	-0.15	-0.09	1.04	-26.79	63.66	-10.07
95	-0.17	-0.08	1.01	-27.40	75.20	-7.20
96	-0.16	-0.12	0.90	-27.40	92.16	-3.17
97	-0.13	-0.09	0.89	-31.07	116.88	-0.43
98	-0.06	-0.04	0.92	-33.81	146.55	-0.43
99	0.01	-0.05	0.97	-34.12	173.65	-0.61
100	0.05	-0.05	0.98	-34.30	196.04	-2.08
101	0.10	-0.03	0.98	-32.35	216.13	-6.16
102	0.15	-0.01	0.92	-27.04	235.23	-10.86
103	0.22	-0.03	0.81	-19.53	255.25	-13.55
104	0.33	-0.18	0.57	-14.40	277.65	-16.11
105	0.42	-0.21	0.57	-21.00	305.73	-23.25
106	0.56	-0.10	0.80	-39.79	326.29	-29.66
107	0.64	0.12	1.05	-58.96	318.79	-30.40
108	0.66	0.25	1.13	-60.12	290.47	-29.91
109	0.66	0.15	1.06	-44.37	255.37	-27.53
110	0.64	0.04	0.95	-30.76	230.35	-27.04
111	0.58	0.02	0.74	-23.38	226.01	-36.19
112	0.58	0.00	0.57	-14.10	241.33	-47.06
113	0.62	-0.06	0.50	-3.17	263.85	-49.56
114	0.68	-0.08	0.57	-2.26	280.94	-44.37
115	0.77	-0.03	0.64	-13.92	284.06	-39.31
116	0.87	0.02	0.74	-25.09	270.81	-36.50
117	0.95	0.30	0.86	-28.56	244.93	-31.43
118	0.46	-0.75	0.49	-24.78	219.42	-45.17
119	1.03	0.78	0.51	-62.56	250.98	-118.47
120	0.78	0.00	0.51	1.89	202.94	-49.80
121	0.60	-0.17	0.44	35.58	191.04	-32.41
122	0.86	-0.02	0.50	14.71	205.14	-47.49
123	0.87	0.03	0.62	13.24	176.64	-46.20
124	0.88	0.07	0.64	14.89	141.30	-29.72
125	0.95	0.15	0.62	7.45	110.60	-10.80
126	0.94	0.09	0.52	8.12	79.71	6.71
127	0.90	-0.02	0.38	12.82	56.09	17.58
128	0.83	-0.08	0.32	16.72	44.19	19.41
129	0.83	-0.07	0.34	16.17	45.35	14.65
130	0.77	-0.08	0.30	20.75	43.76	9.64
131	0.73	-0.13	0.24	25.51	44.37	2.75
132	0.72	-0.16	0.20	28.32	49.68	-6.77
133	0.78	-0.14	0.26	26.06	58.23	-13.67
134	0.87	-0.07	0.40	18.55	63.66	-15.81
135	0.92	-0.07	0.47	15.01	55.42	-12.57
136	0.91	-0.14	0.44	14.47	38.88	-7.39
137	0.90	-0.16	0.40	11.66	27.95	-6.10
138	0.91	-0.13	0.40	8.24	23.19	-8.91
139	1.00	-0.10	0.43	8.54	17.88	-11.05
140	0.98	-0.15	0.42	8.79	10.25	-12.63
141	1.09	-0.08	0.47	3.36	6.23	-14.53
142	1.10	-0.06	0.50	8.06	-11.29	-14.47
143	1.15	-0.06	0.52	10.19	-26.12	-13.24
144	1.16	-0.04	0.56	8.91	-40.47	-10.80
145	1.19	-0.01	0.62	6.16	-57.68	-5.13
146	1.17	-0.03	0.63	4.76	-82.09	2.01
147	1.14	-0.05	0.64	1.04	-104.43	10.68
148	1.09	-0.05	0.63	-5.19	-123.90	18.55
149	1.09	-0.05	0.62	-12.45	-138.85	26.73
150	1.05	-0.06	0.57	-17.40	-155.21	34.24
151	1.02	0.01	0.60	-23.68	-166.38	41.32
152	1.03	0.07	0.72	-24.90	-178.28	49.19
153	1.06	0.06	0.81	-18.68	-200.62	56.03
154	1.01	-0.02	0.80	-19.17	-228.21	58.23
155	0.97	-0.02	0.74	-25.21	-253.42	61.58
156	0.87	-0.07	0.65	-27.10	-273.44	65.37
157	0.79	0.01	0.63	-28.63	-283.02	63.54
158	0.72	0.12	0.68	-23.50	-286.62	60.79
159	0.69	0.19	0.77	-6.47	-290.65	60.85
160	0.71	0.20	0.80	19.59	-296.94	62.32
161	0.67	0.13	0.73	47.97	-305.91	54.26
162	0.57	0.05	0.67	70.37	-306.76	38.70
163	0.47	-0.00	0.58	82.82	-294.49	22.58
164	0.37	0.00	0.68	86.73	-273.93	6.23
165	0.33	0.01	0.75	86.36	-250.18	-8.54
166	0.32	0.05	0.81	78.25	-232.97	-19.96
167	0.30	0.02	0.80	71.72	-224.06	-21.73
168	0.24	-0.04	0.79	64.33	-217.65	-15.32
169	0.19	-0.10	0.76	51.03	-206.24	-8.61
170	0.14	-0.14	0.74	33.39	-187.19	-3.72
171	0.13	-0.09	0.88	12.76	-166.20	1.46
172	0.16	-0.03	0.92	-2.56	-150.88	7.32
173	0.13	-0.01	0.92	-8.91	-142.21	12.15
174	0.09	0.01	0.93	-9.09	-132.93	15.81
175	0.06	0.00	0.92	-5.86	-120.42	14.89
176	0.04	-0.00	0.92	-0.92	-104.06	14.34
177	0.04	-0.02	0.95	4.58	-87.16	14.47
178	0.06	-0.03	0.96	7.51	-74.58	14.53
179	0.07	-0.05	0.99	9.09	-65.25	13.00
180	0.09	-0.08	1.00	8.73	-60.00	11.17
181	0.09	-0.08	1.00	4.27	-59.14	10.01
182	0.08	-0.07	1.02	-0.24	-61.16	12.15
183	0.05	-0.06	1.01	-3.17	-62.81	12.88
184	0.01	-0.05	1.01	-5.07	-60.73	12.33
185	-0.02	-0.04	1.00	-4.33	-55.18	12.45
186	-0.04	-0.04	1.00	-1.59	-46.75	13.24
187	-0.04	-0.07	1.00	2.38	-36.56	13.73
188	-0.02	-0.10	0.99	4.70	-25.39	13.73
189	0.01	-0.13	1.00	3.66	-17.27	12.21
190	0.01	-0.10	1.04	-1.65	-13.73	4.64
191	-0.00	-0.10	1.05	-6.47	-15.50	0.12
192	-0.02	-0.09	1.05	-9.52	-20.75	0.18
193	-0.04	-0.06	1.05	-12.15	-24.96	0.67
194	-0.06	-0.04	1.03	-12.27	-26.55	2.44
195	-0.09	-0.03	1.03	-10.07	-25.39	3.23
196	-0.11	-0.02	1.03	-6.65	-21.00	4.09
197	-0.09	-0.06	0.99	-2.93	-14.40	5.00
198	-0.08	-0.05	1.00	-2.44	-6.65	3.97
199	-0.05	-0.06	1.01	-3.78	-0.12	0.92
200	-0.05	-0.06	1.03	-6.53	3.23	-2.50
201	-0.07	-0.03	1.05	-9.09	3.85	-4.33
202	-0.09	-0.02	1.04	-9.83	4.33	-4.88
203	-0.10	-0.01	1.04	-9.09	6.59	-4.94
204	-0.12	0.01	1.04	-7.39	10.74	-5.07
205	-0.14	-0.02	0.99	-4.33	17.70	-4.94
206	-0.13	-0.02	0.99	-2.14	28.69	-4.03
207	-0.15	-0.01	1.00	-3.66	41.93	-5.74
208	-0.18	-0.04	0.94	-4.82	59.20	-8.18
209	-0.18	-0.11	0.87	-6.90	83.74	-10.99
210	-0.16	-0.11	0.86	-14.10	115.97	-16.17
211	-0.12	-0.10	0.83	-23.44	150.09	-19.23
212	-0.08	-0.06	0.76	-29.66	185.73	-20.39
213	-0.01	-0.09	0.62	-30.76	222.53	-20.39
214	0.13	-0.22	0.41	-34.42	260.01	-18.68
215	0.25	-0.15	0.50	-50.29	299.80	-20.45
216	0.38	-0.01	0.67	-66.89	328.12	-27.40
217	0.49	0.10	0.84	-73.12	333.13	-33.39
218	0.49	0.21	0.86	-65.92	321.72	-33.26
219	0.51	0.19	0.81	-46.94	306.95	-30.52
220	0.54	0.13	0.74	-28.32	297.55	-26.18
221	0.57	0.06	0.62	-16.36	295.78	-24.11
222	0.59	-0.00	0.51	-10.13	302.80	-26.67
223	0.62	-0.09	0.40	-11.90	316.16	-30.52
224	0.73	-0.09	0.43	-21.06	334.17	-35.77
225	0.86	0.05	0.60	-30.70	341.61	-42.42
226	1.05	0.23	0.68	-25.02	330.75	-49.50
227	1.20	0.19	0.54	-0.24	309.88	-48.22
228	0.50	-0.16	0.41	-7.26	328.61	-111.21
229	1.23	0.46	0.52	-15.50	321.41	-94.91
230	0.93	-0.10	0.51	39.67	284.18	-41.44
231	0.83	-0.18	0.40	31.80	276.12	-50.35
232	1.15	0.01	0.49	8.61	272.71	-60.55
233	1.15	0.13	0.65	9.28	234.37	-51.70
234	1.22	0.14	0.70	12.57	193.60	-41.81
235	1.22	0.10	0.64	11.35	147.58	-29.36
236	1.12	-0.02	0.51	12.88	105.47	-13.98
237	1.05	-0.09	0.39	11.11	83.98	-6.96
238	0.96	-0.12	0.31	14.34	73.79	-7.02
239	0.96	-0.15	0.28	17.88	75.87	-5.19
240	0.98	-0.13	0.31	16.78	79.65	-3.66
241	1.00	-0.12	0.34	13.18	79.28	0.37
242	1.02	-0.14	0.30	9.64	72.69	3.48
243	1.00	-0.11	0.28	5.92	65.73	4.27
244	1.03	-0.08	0.31	3.60	60.49	4.27
245	1.08	-0.07	0.32	2.99	53.47	4.21
246	1.07	-0.08	0.32	4.09	42.66	1.77
247	1.06	-0.07	0.30	5.07	31.86	-2.87
248	1.06	-0.06	0.28	4.94	24.41	-7.08
249	1.07	-0.04	0.29	3.85	18.92	-10.19
250	1.08	-0.00	0.30	2.44	11.72	-11.29
251	1.06	-0.02	0.29	1.65	1.77	-9.46
252	1.05	0.01	0.28	-1.34	-5.86	-6.90
253	1.06	0.04	0.28	-4.94	-11.78	-1.77
254	1.08	0.04	0.29	-7.39	-19.10	5.31
255	1.09	0.07	0.30	-9.16	-27.22	11.29
256	1.10	0.03	0.31	-9.16	-35.64	16.78
257	1.09	0.03	0.34	-10.01	-43.33	20.32
258	1.09	0.03	0.36	-13.12	-51.51	25.02
259	1.09	0.03	0.35	-15.81	-61.04	28.38
260	1.10	0.08	0.38	-18.43	-70.13	28.81
261	1.14	0.11	0.41	-19.59	-82.28	28.63
262	1.13	0.09	0.38	-17.88	-100.59	31.13
263	1.12	0.12	0.44	-17.94	-117.74	34.12
264	1.12	0.16	0.52	-16.30	-138.06	37.96
265	1.11	0.14	0.57	-10.68	-165.47	44.25
266	1.04	0.08	0.56	-6.65	-190.43	47.85
267	1.00	0.08	0.54	-2.99	-214.66	50.23
268	0.91	0.03	0.56	5.49	-240.97	53.28
269	0.88	0.03	0.56	10.62	-262.39	55.30
270	0.79	-0.03	0.46	4.39	-281.62	56.21
271	0.78	0.07	0.49	-8.36	-292.18	59.51
272	0.84	0.10	0.69	-11.90	-308.78	70.74
273	0.77	0.13	0.81	-15.01	-336.18	66.83
274	0.87	0.12	0.80	-18.92	-365.23	82.21
275	0.79	0.13	0.65	-7.08	-392.94	86.73
276	0.68	0.16	0.53	14.40	-398.93	79.41
277	0.55	0.17	0.45	41.32	-379.58	64.27
278	0.45	0.13	0.50	66.22	-341.61	45.35
279	0.39	0.10	0.59	79.16	-298.77	27.47
280	0.38	0.09	0.62	74.46	-262.63	10.31
281	0.40	0.10	0.80	67.50	-237.92	-0.85
282	0.37	0.07	0.89	55.79	-230.41	-4.27
283	0.30	0.04	0.94	38.94	-230.77	-3.72
284	0.22	0.05	0.89	21.55	-227.91	-2.01
285	0.13	0.08	0.85	11.29	-220.76	0.37
286	0.02	0.09	0.84	12.02	-204.77	5.25
287	-0.00	0.06	0.82	16.60	-178.04	11.41
288	0.04	0.04	0.83	17.88	-147.34	16.42
289	0.08	0.07	0.96	16.05	-121.58	17.40
290	0.08	0.08	1.09	14.95	-104.37	12.21
291	0.05	0.05	1.11	12.21	-96.86	7.02
292	0.04	0.00	1.03	5.00	-93.69	4.15
293	0.02	0.02	1.05	-5.86	-93.26	4.82
294	-0.03	0.09	1.04	-15.99	-93.75	8.85
295	-0.06	0.11	1.02	-17.27	-93.51	12.88
296	-0.08	0.11	0.99	-12.21	-89.90	18.01
297	-0.07	0.11	0.96	-7.14	-83.31	22.58
298	-0.03	0.11	1.00	-2.08	-74.10	23.62
299	-0.02	0.11	1.05	3.72	-65.19	20.32
300	-0.02	0.09	1.05	7.02	-61.40	17.27
301	-0.06	0.07	1.04	7.45	-61.22	14.71
302	-0.10	0.06	1.04	6.71	-59.81	13.92
303	-0.12	0.06	1.02	4.82	-56.03	15.08
304	-0.15	0.06	0.99	3.78	-51.21	18.19
305	-0.20	0.05	0.96	5.00	-43.33	21.79
306	-0.19	0.03	0.93	6.10	-30.82	23.86
307	-0.14	0.02	0.97	6.53	-16.36	22.89
308	-0.10	0.01	1.02	6.10	-6.16	18.80
309	-0.06	0.01	1.04	6.04	-1.46	11.84
310	-0.05	0.01	1.08	8.48	-3.36	4.27
311	-0.09	0.02	1.10	10.56	-10.50	-0.37
312	-0.13	0.01	1.05	13.00	-18.49	-3.11
313	-0.17	0.01	1.03	14.95	-22.28	-3.23
314	-0.20	0.03	1.02	16.72	-21.61	-2.20
315	-0.22	0.03	1.02	19.71	-17.58	-1.83
316	-0.22	-0.01	0.99	22.22	-11.78	-0.43
317	-0.20	-0.06	0.98	19.90	-4.88	2.87
318	-0.20	-0.07	1.00	13.18	2.93	3.17
319	-0.20	-0.05	1.04	5.37	12.57	2.32
320	-0.17	-0.03	1.05	-1.40	22.89	-0.06
321	-0.15	-0.02	1.07	-4.58	31.74	-5.07
322	-0.15	0.00	1.08	-4.46	38.09	-10.31
323	-0.16	0.01	1.11	-1.40	42.54	-15.08
324	-0.18	0.04	1.10	2.56	46.02	-19.10
325	-0.18	0.04	1.10	6.71	50.35	-20.14
326	-0.18	0.03	1.08	10.25	56.58	-19.53
327	-0.17	-0.00	1.02	11.41	65.25	-20.20
328	-0.13	-0.08	0.98	8.24	77.39	-22.03
329	-0.11	-0.07	1.00	-0.12	94.30	-25.88
330	-0.07	-0.01	1.08	-10.19	111.63	-32.90
331	0.02	0.04	1.17	-20.20	122.38	-40.53
332	0.08	0.12	1.16	-28.14	121.03	-42.36
333	0.11	0.13	1.12	-28.38	112.67	-35.77
334	0.09	0.15	1.04	-23.74	104.00	-25.57
335	0.03	0.17	0.99	-13.79	101.32	-18.55
336	-0.05	0.18	0.92	1.46	110.29	-16.48
337	-0.04	0.11	0.82	20.08	131.23	-16.91
338	0.04	0.10	0.80	33.81	162.11	-20.69
339	0.18	0.18	0.88	42.18	190.61	-22.40
340	0.29	0.21	0.93	51.03	205.51	-20.20
341	0.31	0.14	0.88	64.94	211.98	-14.34
342	0.30	-0.05	0.76	73.67	219.42	-8.36
343	0.30	-0.19	0.72	68.91	232.79	-5.86
344	0.34	-0.23	0.74	47.00	246.22	-5.31
345	0.43	-0.18	0.77	15.56	253.05	-7.63
346	0.48	-0.11	0.82	-11.54	253.05	-13.79
347	0.53	-0.00	0.83	-24.54	247.13	-19.65
348	0.56	-0.01	0.79	-25.82	239.69	-24.35
349	0.56	-0.04	0.75	-25.33	234.86	-27.22
350	0.56	0.05	0.69	-24.29	234.31	-32.53
351	0.56	0.09	0.59	-13.79	241.15	-40.59
352	0.57	-0.04	0.48	3.42	251.28	-44.80
353	0.62	-0.06	0.45	10.31	266.48	-45.17
354	0.91	0.03	0.56	5.62	279.60	-43.52
355	1.11	0.32	0.78	4.64	271.48	-33.26
356	0.57	-0.32	0.74	-7.87	258.06	-54.63
357	1.00	0.30	0.80	-38.27	240.91	-62.50
358	0.77	0.04	0.78	-9.03	176.03	-18.43
359	0.86	0.06	0.67	2.50	140.14	-9.95
360	0.72	-0.22	0.52	1.10	124.76	-12.02
361	0.93	0.15	0.56	1.71	113.40	-27.53
362	0.82	-0.05	0.59	24.17	79.41	-22.09
363	0.92	-0.09	0.62	26.43	66.04	-20.26
364	0.93	-0.05	0.66	20.45	46.75	-18.25
365	0.93	-0.05	0.64	20.69	20.51	-12.39
366	0.85	-0.08	0.55	22.09	-3.72	-5.98
367	0.78	-0.11	0.45	19.29	-14.04	-0.61
368	0.71	-0.11	0.36	14.95	-15.99	2.62
369	0.70	-0.10	0.32	12.02	-8.48	3.85
370	0.75	-0.08	0.35	10.07	2.38	4.58
371	0.81	-0.05	0.41	8.67	10.07	5.62
372	0.87	-0.05	0.48	8.67	9.70	8.36
373	0.91	-0.05	0.52	7.81	2.75	10.44
374	0.93	-0.04	0.56	5.80	-7.39	11.90
375	0.93	-0.01	0.57	4.33	-21.55	12.57
376	0.94	0.03	0.58	2.50	-37.41	13.24
377	0.91	0.06	0.63	3.17	-56.58	15.01
378	0.89	0.02	0.67	7.69	-80.26	16.24
379	0.87	-0.02	0.70	10.19	-103.88	14.77
380	0.86	-0.05	0.72	10.31	-126.71	12.63
381	0.84	-0.07	0.73	9.16	-146.42	9.70
382	0.85	-0.10	0.70	7.26	-164.18	8.42
383	0.80	-0.06	0.69	5.13	-179.93	8.73
384	0.76	-0.04	0.72	5.25	-192.32	10.13
385	0.69	-0.04	0.76	8.30	-205.51	12.70
386	0.67	0.02	0.81	15.26	-215.88	16.42
387	0.68	0.02	0.82	29.79	-227.84	17.33
388	0.65	-0.06	0.73	38.76	-237.98	16.05
389	0.61	-0.01	0.70	43.52	-239.87	13.92
390	0.59	-0.02	0.69	51.09	-235.41	8.61
391	0.55	-0.04	0.72	58.72	-227.11	1.46
392	0.51	0.09	0.95	62.44	-218.57	-3.78
393	0.53	0.03	1.07	71.11	-217.41	-5.55
394	0.53	-0.06	1.03	73.24	-223.69	-4.21
395	0.45	-0.13	0.95	68.30	-229.31	-3.42
396	0.37	-0.18	0.87	58.65	-226.81	-4.15
397	0.31	-0.26	0.82	45.04	-215.88	-4.27
398	0.26	-0.25	0.92	26.43	-198.55	-3.23
399	0.27	-0.22	0.92	5.37	-181.58	-1.16
400	0.25	-0.13	1.05	-10.13	-168.52	0.49
401	0.25	-0.10	1.13	-17.40	-162.17	1.83
402	0.22	-0.08	1.09	-19.29	-161.32	3.42
403	0.16	-0.08	1.07	-15.81	-160.46	5.00
404	0.12	-0.06	1.05	-9.89	-154.97	6.29
405	0.09	-0.05	1.03	-2.87	-147.22	7.81
406	0.06	-0.06	0.99	6.29	-138.37	9.95
407	0.04	-0.12	0.97	15.56	-127.87	10.80
408	0.04	-0.16	1.00	16.72	-116.94	9.52
409	0.04	-0.17	1.05	9.34	-106.81	4.88
410	0.02	-0.16	1.10	0.61	-101.38	0.18
411	-0.01	-0.14	1.09	-7.08	-99.49	-1.65
412	-0.04	-0.12	1.06	-12.33	-98.21	-1.71
413	-0.07	-0.10	1.03	-13.79	-94.06	-0.98
414	-0.10	-0.07	1.01	-12.94	-86.49	0.49
415	-0.12	-0.05	1.00	-8.67	-75.93	1.95
416	-0.13	-0.05	1.00	-1.22	-63.48	2.81
417	-0.15	-0.06	0.99	6.77	-50.54	2.56
418	-0.15	-0.14	0.92	13.24	-36.56	2.08
419	-0.14	-0.18	0.97	13.00	-21.36	1.34
420	-0.12	-0.16	1.00	4.94	-8.54	0.31
421	-0.11	-0.14	0.99	-3.42	-0.92	-0.61
422	-0.12	-0.15	0.99	-7.75	3.54	-0.37
423	-0.12	-0.13	1.00	-10.44	7.20	0.85
424	-0.11	-0.12	0.98	-11.90	10.38	1.16
425	-0.11	-0.12	0.96	-10.31	13.00	0.18
426	-0.09	-0.15	0.92	-8.30	16.24	-1.53
427	-0.07	-0.16	0.93	-10.31	18.07	-3.66
428	-0.05	-0.13	0.96	-16.30	16.85	-6.04
429	-0.04	-0.09	0.98	-21.30	12.51	-7.26
430	-0.04	-0.07	1.00	-22.22	7.26	-8.61
431	-0.04	-0.06	1.01	-20.94	2.56	-9.40
432	-0.05	-0.02	1.02	-18.31	-1.77	-8.67
433	-0.07	-0.02	1.02	-13.24	-3.05	-7.75
434	-0.08	-0.04	1.00	-7.51	-1.46	-7.14
435	-0.09	-0.07	1.00	-4.70	2.44	-6.10
436	-0.09	-0.08	1.02	-5.25	8.67	-5.43
437	-0.08	-0.10	1.04	-7.39	16.30	-7.45
438	-0.07	-0.13	1.07	-11.96	23.07	-10.07
439	-0.07	-0.13	1.09	-19.65	28.63	-12.57
440	-0.06	-0.10	1.11	-27.77	34.97	-15.01
441	-0.06	-0.07	1.13	-32.65	41.44	-16.72
442	-0.07	-0.08	1.14	-35.34	47.97	-17.76
443	-0.09	-0.11	1.12	-39.00	55.79	-18.62
444	-0.15	-0.16	1.07	-47.24	68.66	-20.63
445	-0.19	-0.22	1.00	-61.58	90.64	-23.25
446	-0.20	-0.18	0.96	-81.48	124.69	-27.22
447	-0.15	-0.09	0.89	-97.96	169.25	-33.94
448	-0.02	-0.03	0.89	-103.33	215.33	-39.00
449	0.09	0.11	0.89	-98.63	254.39	-40.95
450	0.17	0.15	0.81	-78.49	289.61	-43.46
451	0.28	0.07	0.75	-52.92	320.50	-43.64
452	0.38	-0.02	0.60	-35.16	348.02	-40.65
453	0.48	-0.01	0.60	-27.47	374.39	-40.28
454	0.62	0.14	0.68	-22.40	392.03	-42.97
455	0.71	0.25	0.72	-9.58	388.24	-42.18
456	0.73	0.30	0.70	12.70	374.94	-35.83
457	0.74	0.26	0.66	41.20	357.18	-26.31
458	0.75	0.14	0.63	62.87	339.54	-13.67
459	0.75	0.00	0.60	64.88	325.44	-2.32
460	0.81	-0.03	0.58	46.88	313.48	5.00
461	0.90	0.18	0.68	24.11	296.63	9.09
462	0.59	-0.80	0.54	5.55	272.40	-3.30
463	1.12	0.76	0.78	-44.80	280.94	-68.30
464	0.99	0.14	0.81	-20.75	211.73	2.26
465	1.00	0.19	0.68	9.09	163.88	8.24
466	0.88	-0.04	0.54	1.40	144.29	-7.20
467	0.92	0.15	0.50	-2.50	125.73	-21.48
468	0.95	0.12	0.57	8.67	107.42	-19.53
469	0.98	0.15	0.62	14.83	85.75	-17.46
470	0.99	0.08	0.58	17.76	58.59	-10.80
471	0.93	0.07	0.48	18.74	33.75	-9.03
472	0.86	0.04	0.38	24.96	19.53	-12.21
473	0.73	-0.06	0.28	30.94	18.49	-15.38
474	0.70	-0.04	0.25	27.10	33.75	-20.45
475	0.76	0.06	0.29	22.40	47.18	-22.46
476	0.80	-0.01	0.31	24.11	49.50	-18.49
477	0.88	0.00	0.41	19.71	52.92	-14.47
478	0.91	-0.02	0.47	13.24	47.49	-8.42
479	0.91	-0.06	0.45	10.07	36.32	-1.40
480	0.84	-0.12	0.43	9.77	28.14	1.46
481	0.82	-0.13	0.36	9.64	25.94	-2.62
482	0.83	-0.12	0.32	10.13	30.58	-11.60
483	0.88	-0.06	0.40	11.35	37.60	-19.96
484	0.96	-0.03	0.48	12.08	36.38	-21.06
485	0.99	-0.04	0.48	11.60	24.48	-16.05
486	0.99	-0.06	0.48	10.19	11.78	-9.16
487	0.99	-0.06	0.43	6.47	1.65	-2.08
488	0.98	-0.04	0.40	2.20	-5.74	3.78
489	0.97	-0.02	0.37	0.31	-10.07	6.96
490	0.98	-0.00	0.36	-0.18	-12.08	7.32
491	1.00	0.01	0.35	0.79	-14.83	5.19
492	1.03	0.05	0.37	2.20	-18.37	2.26
493	1.07	0.06	0.40	4.76	-24.11	0.24
494	1.08	0.05	0.43	7.51	-32.29	0.18
495	1.06	0.06	0.46	6.77	-41.02	0.73
496	1.05	0.08	0.47	3.36	-51.39	5.68
497	1.02	0.09	0.51	0.00	-64.70	14.59
498	1.02	0.14	0.61	-3.66	-79.16	23.19
499	0.99	0.08	0.61	-4.82	-98.88	32.53
500	0.98	0.03	0.68	-10.38	-115.91	41.63
501	0.97	0.08	0.74	-16.66	-130.13	45.96
502	0.99	0.08	0.73	-18.92	-149.84	48.40
503	0.95	0.03	0.71	-17.21	-174.99	49.74
504	0.91	0.08	0.75	-17.88	-195.43	46.51
505	0.89	0.13	0.81	-12.94	-214.72	39.73
506	0.85	0.14	0.85	-5.25	-235.11	32.65
507	0.82	0.11	0.80	4.82	-255.55	24.54
508	0.73	0.07	0.74	15.69	-272.58	13.85
509	0.66	0.09	0.68	24.84	-281.31	2.87
510	0.57	0.07	0.65	34.42	-283.75	-6.77
511	0.51	0.14	0.79	40.77	-279.17	-16.30
512	0.51	0.14	0.85	49.99	-277.53	-23.68
513	0.49	0.10	0.82	60.12	-280.33	-28.26
514	0.40	0.05	0.80	67.87	-281.92	-30.64
515	0.36	-0.00	0.71	69.82	-276.61	-31.74
516	0.28	-0.08	0.62	69.76	-266.78	-31.80
517	0.20	-0.08	0.69	64.15	-249.45	-31.01
518	0.21	-0.10	0.71	54.63	-229.19	-30.03
519	0.18	-0.04	0.80	45.23	-211.43	-29.11
520	0.21	-0.01	0.93	39.43	-202.21	-24.84
521	0.21	0.04	0.99	37.54	-203.61	-16.66
522	0.17	0.05	0.97	45.23	-207.82	-8.24
523	0.14	0.02	0.89	60.30	-211.43	-4.88
524	0.11	-0.01	0.85	76.05	-205.14	-1.77
525	0.09	-0.09	0.82	88.93	-188.17	-2.87
526	0.09	-0.19	0.80	93.69	-170.53	-5.25
527	0.10	-0.22	0.89	86.06	-161.93	-9.09
528	0.04	-0.23	0.98	68.79	-160.71	-15.50
529	-0.01	-0.13	1.02	51.45	-156.86	-19.47
530	-0.04	-0.05	1.03	48.10	-147.89	-21.85
531	-0.07	0.04	1.01	61.83	-135.56	-24.54
532	-0.12	0.03	0.96	89.72	-121.70	-24.96
533	-0.18	-0.07	0.88	119.63	-106.38	-19.96
534	-0.19	-0.21	0.86	139.89	-89.72	-9.95
535	-0.21	-0.36	0.85	141.91	-75.13	-1.22
536	-0.20	-0.47	0.87	123.11	-60.85	5.86
537	-0.20	-0.51	0.93	90.82	-48.95	11.29
538	-0.21	-0.47	0.98	55.05	-39.18	15.69
539	-0.21	-0.42	1.00	25.15	-28.44	18.55
540	-0.22	-0.36	1.00	3.48	-16.54	21.42
541	-0.20	-0.30	0.99	-7.39	-2.75	23.38
542	-0.16	-0.28	1.00	-6.90	10.44	21.30
543	-0.17	-0.29	1.01	-2.44	17.03	14.65
544	-0.15	-0.35	0.99	-2.44	20.63	7.45
545	-0.16	-0.36	1.00	-8.00	22.16	3.97
546	-0.17	-0.37	1.00	-17.82	22.89	3.72
547	-0.16	-0.35	1.00	-31.07	25.33	5.74
548	-0.14	-0.32	1.03	-43.88	27.22	9.89
549	-0.15	-0.25	1.06	-52.19	26.61	15.44
550	-0.13	-0.21	1.08	-52.55	27.22	20.26
551	-0.12	-0.21	1.07	-45.65	28.69	23.50
552	-0.11	-0.24	1.06	-37.90	29.79	25.02
553	-0.11	-0.28	1.04	-34.00	31.74	25.21
554	-0.15	-0.33	1.03	-34.85	35.22	24.90
555	-0.17	-0.41	1.03	-45.17	40.77	25.45
556	-0.14	-0.37	1.02	-67.57	50.29	28.63
557	-0.10	-0.32	1.06	-91.43	58.90	32.35
558	-0.10	-0.23	1.12	-111.69	65.49	31.80
559	-0.04	-0.17	1.12	-124.76	69.40	29.85
560	-0.06	-0.10	1.13	-128.48	71.29	29.79
561	-0.07	-0.05	1.14	-123.23	74.95	26.92
562	-0.07	-0.03	1.12	-111.39	81.24	23.80
563	-0.06	-0.03	1.09	-97.17	90.94	23.01
564	-0.06	-0.10	1.05	-83.98	103.09	21.30
565	-0.04	-0.18	1.01	-83.68	117.19	19.71
566	-0.01	-0.15	0.96	-95.95	134.34	18.80
567	0.05	-0.05	0.98	-110.05	154.24	18.31
568	0.15	0.05	0.99	-115.91	172.06	16.30
569	0.23	0.11	1.01	-109.68	185.00	11.60
570	0.24	0.10	1.00	-93.57	192.99	2.32
571	0.22	0.02	0.97	-77.51	200.74	-8.48
572	0.23	0.05	0.91	-68.48	210.82	-16.11
573	0.28	0.16	0.89	-62.13	224.61	-17.40
574	0.37	0.27	0.87	-49.38	238.83	-11.60
575	0.49	0.24	0.75	-31.43	250.37	-0.18
576	0.53	0.01	0.65	-20.63	262.15	10.62
577	0.57	-0.05	0.61	-31.86	280.82	13.79
578	0.62	-0.01	0.58	-50.54	292.97	0.92
579	0.68	0.20	0.59	-62.38	306.27	-19.71
580	0.72	0.26	0.50	-50.05	315.80	-43.46
581	0.76	0.32	0.54	-24.29	321.78	-59.27
582	0.81	0.22	0.57	3.54	318.12	-64.76
583	0.81	0.19	0.65	18.13	307.43	-65.80
584	0.83	0.18	0.72	26.92	289.73	-66.71
585	0.83	0.16	0.72	36.68	263.92	-66.59
586	0.79	0.09	0.71	45.17	236.02	-66.53
587	0.68	0.09	0.76	50.54	208.74	-63.78
588	0.56	-0.43	0.61	47.18	178.96	-64.15
589	0.77	-0.02	0.64	8.48	185.36	-82.40
590	0.57	0.08	0.62	6.84	149.41	-49.56
591	0.88	-0.13	0.73	32.29	105.29	-25.15
592	0.86	-0.11	0.67	33.81	65.25	-20.51
593	0.80	-0.20	0.57	24.78	58.78	-11.47
594	0.75	-0.22	0.49	18.01	50.60	-13.55
595	0.77	-0.17	0.43	10.44	52.43	-16.24
596	0.77	-0.12	0.43	9.64	54.02	-20.94
597	0.77	-0.09	0.39	11.78	53.22	-26.12
598	0.77	-0.04	0.37	11.29	52.12	-25.57
599	0.78	-0.07	0.32	10.74	50.23	-19.29
600	0.83	-0.02	0.36	2.87	54.32	-12.76
601	0.90	-0.01	0.40	-6.35	56.46	-7.93
602	1.00	0.06	0.46	-12.70	50.96	-3.97
603	1.02	0.07	0.50	-13.73	33.57	3.48
604	0.96	0.03	0.43	-10.38	11.17	10.56
605	0.91	-0.01	0.35	-8.36	-2.38	13.98
606	0.90	0.01	0.33	-9.89	-0.92	14.40
607	0.94	0.05	0.38	-12.27	4.33	13.98
608	0.97	0.06	0.42	-12.51	2.81	15.75
609	0.98	0.05	0.43	-12.57	-5.55	20.08
610	0.98	0.06	0.46	-13.67	-15.75	24.60
611	0.96	0.07	0.48	-15.20	-27.77	28.81
612	0.94	0.06	0.48	-16.97	-42.05	32.84
613	0.90	0.06	0.50	-20.63	-56.46	36.07
614	0.91	0.09	0.54	-25.15	-71.47	37.96
615	0.91	0.09	0.56	-25.76	-93.38	37.84
616	0.86	0.02	0.56	-25.33	-114.87	34.61
617	0.89	0.08	0.60	-27.71	-125.85	25.27
618	0.86	0.08	0.62	-21.85	-144.78	15.56
619	0.82	0.02	0.58	-11.66	-163.09	10.74
620	0.77	0.01	0.54	-4.58	-176.70	8.73
621	0.74	0.02	0.55	-0.18	-185.42	7.02
622	0.74	0.07	0.64	3.97	-191.96	5.98
623	0.78	0.11	0.75	10.31	-201.78	2.62
624	0.79	0.12	0.84	16.78	-217.16	-1.95
625	0.76	0.09	0.83	25.02	-233.03	-5.13
626	0.72	0.03	0.70	29.79	-242.37	-5.98
627	0.66	-0.03	0.45	29.30	-239.44	-1.46
628	0.62	0.01	0.51	19.84	-221.13	-0.49
629	0.66	0.14	0.87	2.93	-203.74	-4.70
630	0.75	0.30	1.06	-5.13	-201.11	-5.19
631	0.81	0.28	0.94	4.82	-215.15	-5.07
632	0.75	0.15	0.75	22.58	-233.70	-5.25
633	0.63	0.11	0.70	35.52	-245.79	-8.06
634	0.53	0.08	0.72	45.10	-245.06	-14.28
635	0.48	0.10	0.82	50.84	-234.99	-20.45
636	0.50	0.15	0.89	52.61	-238.16	-36.13
637	0.40	0.11	0.87	62.68	-242.19	-34.48
638	0.31	0.02	0.86	74.65	-236.76	-28.20
639	0.21	-0.01	0.86	76.48	-216.13	-26.06
640	0.15	-0.04	0.84	73.36	-187.38	-23.80
641	0.10	-0.10	0.88	67.02	-156.98	-21.00
642	0.04	-0.14	0.88	55.48	-128.85	-16.05
643	0.13	-0.16	0.92	42.66	-106.20	-9.40
644	0.10	-0.16	0.97	28.69	-90.58	-3.66
645	0.12	-0.14	0.99	14.16	-79.53	2.32
646	0.16	-0.12	0.97	5.55	-72.69	7.08
647	0.16	-0.10	1.01	1.77	-72.08	8.54
648	0.11	-0.05	1.04	-0.37	-74.95	5.19
649	0.05	-0.03	1.03	4.64	-73.18	-0.12
650	0.02	-0.06	1.00	15.56	-66.28	-3.85
651	0.01	-0.08	0.99	24.96	-57.19	-3.97
652	-0.01	-0.14	0.99	30.27	-48.65	-0.37
653	-0.00	-0.12	1.00	28.75	-41.08	5.68
654	-0.00	-0.13	1.02	25.09	-34.06	10.50
655	0.01	-0.16	1.00	19.90	-25.15	12.33
656	0.04	-0.17	1.04	11.41	-15.08	11.54
657	0.04	-0.15	1.06	0.79	-8.48	10.19
658	0.06	-0.13	1.03	-7.63	-6.77	10.50
659	0.06	-0.09	1.02	-11.41	-4.82	9.34
660	0.04	-0.07	1.03	-9.34	-2.01	3.54
661	0.04	-0.07	1.03	-3.78	2.50	-3.17
662	0.03	-0.07	1.04	2.81	6.29	-6.29
663	0.03	-0.08	1.05	9.16	9.16	-5.25
664	0.05	-0.11	1.06	13.00	11.47	-3.54
665	0.06	-0.13	1.05	13.12	13.24	-2.08
666	0.07	-0.16	1.06	9.09	12.63	-2.01
667	0.08	-0.14	1.07	2.14	9.46	-3.66
668	0.07	-0.11	1.09	-4.58	4.88	-5.00
669	0.05	-0.08	1.09	-7.14	0.37	-5.49
670	0.05	-0.06	1.08	-3.36	-2.14	-4.88
671	0.03	-0.07	1.07	2.81	-2.32	-3.17
672	0.04	-0.09	1.07	7.26	-0.31	-1.65
673	0.05	-0.13	1.05	9.46	2.32	-0.92
674	0.07	-0.16	1.05	8.54	3.97	-2.20
675	0.07	-0.15	1.05	2.38	3.05	-4.33
676	0.07	-0.13	1.06	-5.19	1.10	-5.80
677	0.06	-0.09	1.07	-11.17	-1.71	-6.23
678	0.06	-0.05	1.06	-13.06	-4.52	-5.37
679	0.05	-0.03	1.05	-9.89	-6.16	-4.46
680	0.03	-0.03	1.04	-3.17	-7.32	-2.50
681	0.03	-0.05	1.03	3.30	-7.51	1.28
682	0.03	-0.07	1.02	7.39	-5.37	4.39
683	0.06	-0.10	1.00	9.16	-1.83	5.74
684	0.07	-0.14	1.01	9.46	-1.04	4.21
685	0.04	-0.14	1.02	5.00	-3.54	0.18
686	0.04	-0.11	1.04	-1.95	-5.13	-3.42
687	0.03	-0.08	1.04	-5.31	-6.29	-4.70
Fin de la captura
